ARM GAS  C:\Users\ADMINI~1\AppData\Local\Temp\cc1di1lA.s 			page 1


   1              		.cpu cortex-m0
   2              		.arch armv6s-m
   3              		.fpu softvfp
   4              		.eabi_attribute 20, 1
   5              		.eabi_attribute 21, 1
   6              		.eabi_attribute 23, 3
   7              		.eabi_attribute 24, 1
   8              		.eabi_attribute 25, 1
   9              		.eabi_attribute 26, 1
  10              		.eabi_attribute 30, 4
  11              		.eabi_attribute 34, 0
  12              		.eabi_attribute 18, 4
  13              		.file	"system_stm32f0xx.c"
  14              		.text
  15              	.Ltext0:
  16              		.cfi_sections	.debug_frame
  17              		.section	.text.SystemInit,"ax",%progbits
  18              		.align	1
  19              		.global	SystemInit
  20              		.syntax unified
  21              		.code	16
  22              		.thumb_func
  24              	SystemInit:
  25              	.LFB40:
  26              		.file 1 "Core/Src/system_stm32f0xx.c"
   1:Core/Src/system_stm32f0xx.c **** /**
   2:Core/Src/system_stm32f0xx.c ****   ******************************************************************************
   3:Core/Src/system_stm32f0xx.c ****   * @file    system_stm32f0xx.c
   4:Core/Src/system_stm32f0xx.c ****   * @author  MCD Application Team
   5:Core/Src/system_stm32f0xx.c ****   * @brief   CMSIS Cortex-M0 Device Peripheral Access Layer System Source File.
   6:Core/Src/system_stm32f0xx.c ****   *
   7:Core/Src/system_stm32f0xx.c ****   * 1. This file provides two functions and one global variable to be called from
   8:Core/Src/system_stm32f0xx.c ****   *    user application:
   9:Core/Src/system_stm32f0xx.c ****   *      - SystemInit(): This function is called at startup just after reset and 
  10:Core/Src/system_stm32f0xx.c ****   *                      before branch to main program. This call is made inside
  11:Core/Src/system_stm32f0xx.c ****   *                      the "startup_stm32f0xx.s" file.
  12:Core/Src/system_stm32f0xx.c ****   *
  13:Core/Src/system_stm32f0xx.c ****   *      - SystemCoreClock variable: Contains the core clock (HCLK), it can be used
  14:Core/Src/system_stm32f0xx.c ****   *                                  by the user application to setup the SysTick
  15:Core/Src/system_stm32f0xx.c ****   *                                  timer or configure other parameters.
  16:Core/Src/system_stm32f0xx.c ****   *
  17:Core/Src/system_stm32f0xx.c ****   *      - SystemCoreClockUpdate(): Updates the variable SystemCoreClock and must
  18:Core/Src/system_stm32f0xx.c ****   *                                 be called whenever the core clock is changed
  19:Core/Src/system_stm32f0xx.c ****   *                                 during program execution.
  20:Core/Src/system_stm32f0xx.c ****   *
  21:Core/Src/system_stm32f0xx.c ****   *
  22:Core/Src/system_stm32f0xx.c ****   ******************************************************************************
  23:Core/Src/system_stm32f0xx.c ****   * @attention
  24:Core/Src/system_stm32f0xx.c ****   *
  25:Core/Src/system_stm32f0xx.c ****   * <h2><center>&copy; Copyright (c) 2016 STMicroelectronics.
  26:Core/Src/system_stm32f0xx.c ****   * All rights reserved.</center></h2>
  27:Core/Src/system_stm32f0xx.c ****   *
  28:Core/Src/system_stm32f0xx.c ****   * This software component is licensed by ST under BSD 3-Clause license,
  29:Core/Src/system_stm32f0xx.c ****   * the "License"; You may not use this file except in compliance with the
  30:Core/Src/system_stm32f0xx.c ****   * License. You may obtain a copy of the License at:
  31:Core/Src/system_stm32f0xx.c ****   *                        opensource.org/licenses/BSD-3-Clause
  32:Core/Src/system_stm32f0xx.c ****   *
ARM GAS  C:\Users\ADMINI~1\AppData\Local\Temp\cc1di1lA.s 			page 2


  33:Core/Src/system_stm32f0xx.c ****   ******************************************************************************
  34:Core/Src/system_stm32f0xx.c ****   */
  35:Core/Src/system_stm32f0xx.c **** 
  36:Core/Src/system_stm32f0xx.c **** /** @addtogroup CMSIS
  37:Core/Src/system_stm32f0xx.c ****   * @{
  38:Core/Src/system_stm32f0xx.c ****   */
  39:Core/Src/system_stm32f0xx.c **** 
  40:Core/Src/system_stm32f0xx.c **** /** @addtogroup stm32f0xx_system
  41:Core/Src/system_stm32f0xx.c ****   * @{
  42:Core/Src/system_stm32f0xx.c ****   */
  43:Core/Src/system_stm32f0xx.c **** 
  44:Core/Src/system_stm32f0xx.c **** /** @addtogroup STM32F0xx_System_Private_Includes
  45:Core/Src/system_stm32f0xx.c ****   * @{
  46:Core/Src/system_stm32f0xx.c ****   */
  47:Core/Src/system_stm32f0xx.c **** 
  48:Core/Src/system_stm32f0xx.c **** #include "stm32f0xx.h"
  49:Core/Src/system_stm32f0xx.c **** 
  50:Core/Src/system_stm32f0xx.c **** /**
  51:Core/Src/system_stm32f0xx.c ****   * @}
  52:Core/Src/system_stm32f0xx.c ****   */
  53:Core/Src/system_stm32f0xx.c **** 
  54:Core/Src/system_stm32f0xx.c **** /** @addtogroup STM32F0xx_System_Private_TypesDefinitions
  55:Core/Src/system_stm32f0xx.c ****   * @{
  56:Core/Src/system_stm32f0xx.c ****   */
  57:Core/Src/system_stm32f0xx.c **** 
  58:Core/Src/system_stm32f0xx.c **** /**
  59:Core/Src/system_stm32f0xx.c ****   * @}
  60:Core/Src/system_stm32f0xx.c ****   */
  61:Core/Src/system_stm32f0xx.c **** 
  62:Core/Src/system_stm32f0xx.c **** /** @addtogroup STM32F0xx_System_Private_Defines
  63:Core/Src/system_stm32f0xx.c ****   * @{
  64:Core/Src/system_stm32f0xx.c ****   */
  65:Core/Src/system_stm32f0xx.c **** #if !defined  (HSE_VALUE) 
  66:Core/Src/system_stm32f0xx.c ****   #define HSE_VALUE    ((uint32_t)8000000) /*!< Default value of the External oscillator in Hz.
  67:Core/Src/system_stm32f0xx.c ****                                                 This value can be provided and adapted by the user 
  68:Core/Src/system_stm32f0xx.c **** #endif /* HSE_VALUE */
  69:Core/Src/system_stm32f0xx.c **** 
  70:Core/Src/system_stm32f0xx.c **** #if !defined  (HSI_VALUE)
  71:Core/Src/system_stm32f0xx.c ****   #define HSI_VALUE    ((uint32_t)8000000) /*!< Default value of the Internal oscillator in Hz.
  72:Core/Src/system_stm32f0xx.c ****                                                 This value can be provided and adapted by the user 
  73:Core/Src/system_stm32f0xx.c **** #endif /* HSI_VALUE */
  74:Core/Src/system_stm32f0xx.c **** 
  75:Core/Src/system_stm32f0xx.c **** #if !defined (HSI48_VALUE)
  76:Core/Src/system_stm32f0xx.c **** #define HSI48_VALUE    ((uint32_t)48000000) /*!< Default value of the HSI48 Internal oscillator in 
  77:Core/Src/system_stm32f0xx.c ****                                                  This value can be provided and adapted by the user
  78:Core/Src/system_stm32f0xx.c **** #endif /* HSI48_VALUE */
  79:Core/Src/system_stm32f0xx.c **** /**
  80:Core/Src/system_stm32f0xx.c ****   * @}
  81:Core/Src/system_stm32f0xx.c ****   */
  82:Core/Src/system_stm32f0xx.c **** 
  83:Core/Src/system_stm32f0xx.c **** /** @addtogroup STM32F0xx_System_Private_Macros
  84:Core/Src/system_stm32f0xx.c ****   * @{
  85:Core/Src/system_stm32f0xx.c ****   */
  86:Core/Src/system_stm32f0xx.c **** 
  87:Core/Src/system_stm32f0xx.c **** /**
  88:Core/Src/system_stm32f0xx.c ****   * @}
  89:Core/Src/system_stm32f0xx.c ****   */
ARM GAS  C:\Users\ADMINI~1\AppData\Local\Temp\cc1di1lA.s 			page 3


  90:Core/Src/system_stm32f0xx.c **** 
  91:Core/Src/system_stm32f0xx.c **** /** @addtogroup STM32F0xx_System_Private_Variables
  92:Core/Src/system_stm32f0xx.c ****   * @{
  93:Core/Src/system_stm32f0xx.c ****   */
  94:Core/Src/system_stm32f0xx.c ****   /* This variable is updated in three ways:
  95:Core/Src/system_stm32f0xx.c ****       1) by calling CMSIS function SystemCoreClockUpdate()
  96:Core/Src/system_stm32f0xx.c ****       2) by calling HAL API function HAL_RCC_GetHCLKFreq()
  97:Core/Src/system_stm32f0xx.c ****       3) each time HAL_RCC_ClockConfig() is called to configure the system clock frequency
  98:Core/Src/system_stm32f0xx.c ****          Note: If you use this function to configure the system clock; then there
  99:Core/Src/system_stm32f0xx.c ****                is no need to call the 2 first functions listed above, since SystemCoreClock
 100:Core/Src/system_stm32f0xx.c ****                variable is updated automatically.
 101:Core/Src/system_stm32f0xx.c ****   */
 102:Core/Src/system_stm32f0xx.c **** uint32_t SystemCoreClock = 8000000;
 103:Core/Src/system_stm32f0xx.c **** 
 104:Core/Src/system_stm32f0xx.c **** const uint8_t AHBPrescTable[16] = {0, 0, 0, 0, 0, 0, 0, 0, 1, 2, 3, 4, 6, 7, 8, 9};
 105:Core/Src/system_stm32f0xx.c **** const uint8_t APBPrescTable[8]  = {0, 0, 0, 0, 1, 2, 3, 4};
 106:Core/Src/system_stm32f0xx.c **** 
 107:Core/Src/system_stm32f0xx.c **** /**
 108:Core/Src/system_stm32f0xx.c ****   * @}
 109:Core/Src/system_stm32f0xx.c ****   */
 110:Core/Src/system_stm32f0xx.c **** 
 111:Core/Src/system_stm32f0xx.c **** /** @addtogroup STM32F0xx_System_Private_FunctionPrototypes
 112:Core/Src/system_stm32f0xx.c ****   * @{
 113:Core/Src/system_stm32f0xx.c ****   */
 114:Core/Src/system_stm32f0xx.c **** 
 115:Core/Src/system_stm32f0xx.c **** /**
 116:Core/Src/system_stm32f0xx.c ****   * @}
 117:Core/Src/system_stm32f0xx.c ****   */
 118:Core/Src/system_stm32f0xx.c **** 
 119:Core/Src/system_stm32f0xx.c **** /** @addtogroup STM32F0xx_System_Private_Functions
 120:Core/Src/system_stm32f0xx.c ****   * @{
 121:Core/Src/system_stm32f0xx.c ****   */
 122:Core/Src/system_stm32f0xx.c **** 
 123:Core/Src/system_stm32f0xx.c **** /**
 124:Core/Src/system_stm32f0xx.c ****   * @brief  Setup the microcontroller system
 125:Core/Src/system_stm32f0xx.c ****   * @param  None
 126:Core/Src/system_stm32f0xx.c ****   * @retval None
 127:Core/Src/system_stm32f0xx.c ****   */
 128:Core/Src/system_stm32f0xx.c **** void SystemInit(void)
 129:Core/Src/system_stm32f0xx.c **** {
  27              		.loc 1 129 1 view -0
  28              		.cfi_startproc
  29              		@ args = 0, pretend = 0, frame = 0
  30              		@ frame_needed = 0, uses_anonymous_args = 0
  31              		@ link register save eliminated.
 130:Core/Src/system_stm32f0xx.c ****   /* NOTE :SystemInit(): This function is called at startup just after reset and 
 131:Core/Src/system_stm32f0xx.c ****                          before branch to main program. This call is made inside
 132:Core/Src/system_stm32f0xx.c ****                          the "startup_stm32f0xx.s" file.
 133:Core/Src/system_stm32f0xx.c ****                          User can setups the default system clock (System clock source, PLL Multipl
 134:Core/Src/system_stm32f0xx.c ****                          and Divider factors, AHB/APBx prescalers and Flash settings).
 135:Core/Src/system_stm32f0xx.c ****    */
 136:Core/Src/system_stm32f0xx.c **** }
  32              		.loc 1 136 1 view .LVU1
  33              		@ sp needed
  34 0000 7047     		bx	lr
  35              		.cfi_endproc
  36              	.LFE40:
ARM GAS  C:\Users\ADMINI~1\AppData\Local\Temp\cc1di1lA.s 			page 4


  38              		.global	__aeabi_uidiv
  39              		.global	__aeabi_idiv
  40              		.section	.text.SystemCoreClockUpdate,"ax",%progbits
  41              		.align	1
  42              		.global	SystemCoreClockUpdate
  43              		.syntax unified
  44              		.code	16
  45              		.thumb_func
  47              	SystemCoreClockUpdate:
  48              	.LFB41:
 137:Core/Src/system_stm32f0xx.c **** 
 138:Core/Src/system_stm32f0xx.c **** /**
 139:Core/Src/system_stm32f0xx.c ****    * @brief  Update SystemCoreClock variable according to Clock Register Values.
 140:Core/Src/system_stm32f0xx.c ****   *         The SystemCoreClock variable contains the core clock (HCLK), it can
 141:Core/Src/system_stm32f0xx.c ****   *         be used by the user application to setup the SysTick timer or configure
 142:Core/Src/system_stm32f0xx.c ****   *         other parameters.
 143:Core/Src/system_stm32f0xx.c ****   *
 144:Core/Src/system_stm32f0xx.c ****   * @note   Each time the core clock (HCLK) changes, this function must be called
 145:Core/Src/system_stm32f0xx.c ****   *         to update SystemCoreClock variable value. Otherwise, any configuration
 146:Core/Src/system_stm32f0xx.c ****   *         based on this variable will be incorrect.
 147:Core/Src/system_stm32f0xx.c ****   *
 148:Core/Src/system_stm32f0xx.c ****   * @note   - The system frequency computed by this function is not the real
 149:Core/Src/system_stm32f0xx.c ****   *           frequency in the chip. It is calculated based on the predefined
 150:Core/Src/system_stm32f0xx.c ****   *           constant and the selected clock source:
 151:Core/Src/system_stm32f0xx.c ****   *
 152:Core/Src/system_stm32f0xx.c ****   *           - If SYSCLK source is HSI, SystemCoreClock will contain the HSI_VALUE(*)
 153:Core/Src/system_stm32f0xx.c ****   *
 154:Core/Src/system_stm32f0xx.c ****   *           - If SYSCLK source is HSE, SystemCoreClock will contain the HSE_VALUE(**)
 155:Core/Src/system_stm32f0xx.c ****   *
 156:Core/Src/system_stm32f0xx.c ****   *           - If SYSCLK source is PLL, SystemCoreClock will contain the HSE_VALUE(**)
 157:Core/Src/system_stm32f0xx.c ****   *             or HSI_VALUE(*) multiplied/divided by the PLL factors.
 158:Core/Src/system_stm32f0xx.c ****   *
 159:Core/Src/system_stm32f0xx.c ****   *         (*) HSI_VALUE is a constant defined in stm32f0xx_hal_conf.h file (default value
 160:Core/Src/system_stm32f0xx.c ****   *             8 MHz) but the real value may vary depending on the variations
 161:Core/Src/system_stm32f0xx.c ****   *             in voltage and temperature.
 162:Core/Src/system_stm32f0xx.c ****   *
 163:Core/Src/system_stm32f0xx.c ****   *         (**) HSE_VALUE is a constant defined in stm32f0xx_hal_conf.h file (its value
 164:Core/Src/system_stm32f0xx.c ****   *              depends on the application requirements), user has to ensure that HSE_VALUE
 165:Core/Src/system_stm32f0xx.c ****   *              is same as the real frequency of the crystal used. Otherwise, this function
 166:Core/Src/system_stm32f0xx.c ****   *              may have wrong result.
 167:Core/Src/system_stm32f0xx.c ****   *
 168:Core/Src/system_stm32f0xx.c ****   *         - The result of this function could be not correct when using fractional
 169:Core/Src/system_stm32f0xx.c ****   *           value for HSE crystal.
 170:Core/Src/system_stm32f0xx.c ****   *
 171:Core/Src/system_stm32f0xx.c ****   * @param  None
 172:Core/Src/system_stm32f0xx.c ****   * @retval None
 173:Core/Src/system_stm32f0xx.c ****   */
 174:Core/Src/system_stm32f0xx.c **** void SystemCoreClockUpdate (void)
 175:Core/Src/system_stm32f0xx.c **** {
  49              		.loc 1 175 1 view -0
  50              		.cfi_startproc
  51              		@ args = 0, pretend = 0, frame = 0
  52              		@ frame_needed = 0, uses_anonymous_args = 0
 176:Core/Src/system_stm32f0xx.c ****   uint32_t tmp = 0, pllmull = 0, pllsource = 0, predivfactor = 0;
  53              		.loc 1 176 3 view .LVU3
  54              	.LVL0:
 177:Core/Src/system_stm32f0xx.c **** 
ARM GAS  C:\Users\ADMINI~1\AppData\Local\Temp\cc1di1lA.s 			page 5


 178:Core/Src/system_stm32f0xx.c ****   /* Get SYSCLK source -------------------------------------------------------*/
 179:Core/Src/system_stm32f0xx.c ****   tmp = RCC->CFGR & RCC_CFGR_SWS;
  55              		.loc 1 179 3 view .LVU4
  56              		.loc 1 179 7 is_stmt 0 view .LVU5
  57 0000 0C22     		movs	r2, #12
 175:Core/Src/system_stm32f0xx.c ****   uint32_t tmp = 0, pllmull = 0, pllsource = 0, predivfactor = 0;
  58              		.loc 1 175 1 view .LVU6
  59 0002 70B5     		push	{r4, r5, r6, lr}
  60              	.LCFI0:
  61              		.cfi_def_cfa_offset 16
  62              		.cfi_offset 4, -16
  63              		.cfi_offset 5, -12
  64              		.cfi_offset 6, -8
  65              		.cfi_offset 14, -4
  66              		.loc 1 179 12 view .LVU7
  67 0004 124E     		ldr	r6, .L7
  68 0006 134D     		ldr	r5, .L7+4
  69 0008 7368     		ldr	r3, [r6, #4]
  70              	.LVL1:
 180:Core/Src/system_stm32f0xx.c **** 
 181:Core/Src/system_stm32f0xx.c ****   switch (tmp)
  71              		.loc 1 181 3 is_stmt 1 view .LVU8
 179:Core/Src/system_stm32f0xx.c **** 
  72              		.loc 1 179 7 is_stmt 0 view .LVU9
  73 000a 1340     		ands	r3, r2
  74              	.LVL2:
  75              		.loc 1 181 3 view .LVU10
  76 000c 082B     		cmp	r3, #8
  77 000e 0AD0     		beq	.L3
 182:Core/Src/system_stm32f0xx.c ****   {
 183:Core/Src/system_stm32f0xx.c ****     case RCC_CFGR_SWS_HSI:  /* HSI used as system clock */
 184:Core/Src/system_stm32f0xx.c ****       SystemCoreClock = HSI_VALUE;
  78              		.loc 1 184 7 is_stmt 1 view .LVU11
  79              		.loc 1 184 23 is_stmt 0 view .LVU12
  80 0010 114B     		ldr	r3, .L7+8
  81              	.LVL3:
  82              		.loc 1 184 23 view .LVU13
  83 0012 2B60     		str	r3, [r5]
 185:Core/Src/system_stm32f0xx.c ****       break;
  84              		.loc 1 185 7 is_stmt 1 view .LVU14
  85              	.LVL4:
  86              	.L4:
 186:Core/Src/system_stm32f0xx.c ****     case RCC_CFGR_SWS_HSE:  /* HSE used as system clock */
 187:Core/Src/system_stm32f0xx.c ****       SystemCoreClock = HSE_VALUE;
 188:Core/Src/system_stm32f0xx.c ****       break;
 189:Core/Src/system_stm32f0xx.c ****     case RCC_CFGR_SWS_PLL:  /* PLL used as system clock */
 190:Core/Src/system_stm32f0xx.c ****       /* Get PLL clock source and multiplication factor ----------------------*/
 191:Core/Src/system_stm32f0xx.c ****       pllmull = RCC->CFGR & RCC_CFGR_PLLMUL;
 192:Core/Src/system_stm32f0xx.c ****       pllsource = RCC->CFGR & RCC_CFGR_PLLSRC;
 193:Core/Src/system_stm32f0xx.c ****       pllmull = ( pllmull >> 18) + 2;
 194:Core/Src/system_stm32f0xx.c ****       predivfactor = (RCC->CFGR2 & RCC_CFGR2_PREDIV) + 1;
 195:Core/Src/system_stm32f0xx.c **** 
 196:Core/Src/system_stm32f0xx.c ****       if (pllsource == RCC_CFGR_PLLSRC_HSE_PREDIV)
 197:Core/Src/system_stm32f0xx.c ****       {
 198:Core/Src/system_stm32f0xx.c ****         /* HSE used as PLL clock source : SystemCoreClock = HSE/PREDIV * PLLMUL */
 199:Core/Src/system_stm32f0xx.c ****         SystemCoreClock = (HSE_VALUE/predivfactor) * pllmull;
 200:Core/Src/system_stm32f0xx.c ****       }
ARM GAS  C:\Users\ADMINI~1\AppData\Local\Temp\cc1di1lA.s 			page 6


 201:Core/Src/system_stm32f0xx.c **** #if defined(STM32F042x6) || defined(STM32F048xx) || defined(STM32F072xB) || defined(STM32F078xx) ||
 202:Core/Src/system_stm32f0xx.c ****       else if (pllsource == RCC_CFGR_PLLSRC_HSI48_PREDIV)
 203:Core/Src/system_stm32f0xx.c ****       {
 204:Core/Src/system_stm32f0xx.c ****         /* HSI48 used as PLL clock source : SystemCoreClock = HSI48/PREDIV * PLLMUL */
 205:Core/Src/system_stm32f0xx.c ****         SystemCoreClock = (HSI48_VALUE/predivfactor) * pllmull;
 206:Core/Src/system_stm32f0xx.c ****       }
 207:Core/Src/system_stm32f0xx.c **** #endif /* STM32F042x6 || STM32F048xx || STM32F072xB || STM32F078xx || STM32F091xC || STM32F098xx */
 208:Core/Src/system_stm32f0xx.c ****       else
 209:Core/Src/system_stm32f0xx.c ****       {
 210:Core/Src/system_stm32f0xx.c **** #if defined(STM32F042x6) || defined(STM32F048xx)  || defined(STM32F070x6) \
 211:Core/Src/system_stm32f0xx.c ****  || defined(STM32F078xx) || defined(STM32F071xB)  || defined(STM32F072xB) \
 212:Core/Src/system_stm32f0xx.c ****  || defined(STM32F070xB) || defined(STM32F091xC) || defined(STM32F098xx)  || defined(STM32F030xC)
 213:Core/Src/system_stm32f0xx.c ****         /* HSI used as PLL clock source : SystemCoreClock = HSI/PREDIV * PLLMUL */
 214:Core/Src/system_stm32f0xx.c ****         SystemCoreClock = (HSI_VALUE/predivfactor) * pllmull;
 215:Core/Src/system_stm32f0xx.c **** #else
 216:Core/Src/system_stm32f0xx.c ****         /* HSI used as PLL clock source : SystemCoreClock = HSI/2 * PLLMUL */
 217:Core/Src/system_stm32f0xx.c ****         SystemCoreClock = (HSI_VALUE >> 1) * pllmull;
 218:Core/Src/system_stm32f0xx.c **** #endif /* STM32F042x6 || STM32F048xx || STM32F070x6 || 
 219:Core/Src/system_stm32f0xx.c ****           STM32F071xB || STM32F072xB || STM32F078xx || STM32F070xB ||
 220:Core/Src/system_stm32f0xx.c ****           STM32F091xC || STM32F098xx || STM32F030xC */
 221:Core/Src/system_stm32f0xx.c ****       }
 222:Core/Src/system_stm32f0xx.c ****       break;
 223:Core/Src/system_stm32f0xx.c ****     default: /* HSI used as system clock */
 224:Core/Src/system_stm32f0xx.c ****       SystemCoreClock = HSI_VALUE;
 225:Core/Src/system_stm32f0xx.c ****       break;
 226:Core/Src/system_stm32f0xx.c ****   }
 227:Core/Src/system_stm32f0xx.c ****   /* Compute HCLK clock frequency ----------------*/
 228:Core/Src/system_stm32f0xx.c ****   /* Get HCLK prescaler */
 229:Core/Src/system_stm32f0xx.c ****   tmp = AHBPrescTable[((RCC->CFGR & RCC_CFGR_HPRE) >> 4)];
  87              		.loc 1 229 3 view .LVU15
  88              		.loc 1 229 28 is_stmt 0 view .LVU16
  89 0014 7368     		ldr	r3, [r6, #4]
  90              	.LVL5:
 230:Core/Src/system_stm32f0xx.c ****   /* HCLK clock frequency */
 231:Core/Src/system_stm32f0xx.c ****   SystemCoreClock >>= tmp;
  91              		.loc 1 231 3 is_stmt 1 view .LVU17
 229:Core/Src/system_stm32f0xx.c ****   /* HCLK clock frequency */
  92              		.loc 1 229 7 is_stmt 0 view .LVU18
  93 0016 114A     		ldr	r2, .L7+12
 229:Core/Src/system_stm32f0xx.c ****   /* HCLK clock frequency */
  94              		.loc 1 229 52 view .LVU19
  95 0018 1B06     		lsls	r3, r3, #24
  96              	.LVL6:
 229:Core/Src/system_stm32f0xx.c ****   /* HCLK clock frequency */
  97              		.loc 1 229 52 view .LVU20
  98 001a 1B0F     		lsrs	r3, r3, #28
 229:Core/Src/system_stm32f0xx.c ****   /* HCLK clock frequency */
  99              		.loc 1 229 7 view .LVU21
 100 001c D35C     		ldrb	r3, [r2, r3]
 101              		.loc 1 231 19 view .LVU22
 102 001e 2A68     		ldr	r2, [r5]
 232:Core/Src/system_stm32f0xx.c **** }
 103              		.loc 1 232 1 view .LVU23
 104              		@ sp needed
 231:Core/Src/system_stm32f0xx.c **** }
 105              		.loc 1 231 19 view .LVU24
 106 0020 DA40     		lsrs	r2, r2, r3
ARM GAS  C:\Users\ADMINI~1\AppData\Local\Temp\cc1di1lA.s 			page 7


 107 0022 2A60     		str	r2, [r5]
 108              		.loc 1 232 1 view .LVU25
 109 0024 70BD     		pop	{r4, r5, r6, pc}
 110              	.LVL7:
 111              	.L3:
 191:Core/Src/system_stm32f0xx.c ****       pllsource = RCC->CFGR & RCC_CFGR_PLLSRC;
 112              		.loc 1 191 7 is_stmt 1 view .LVU26
 193:Core/Src/system_stm32f0xx.c ****       predivfactor = (RCC->CFGR2 & RCC_CFGR2_PREDIV) + 1;
 113              		.loc 1 193 27 is_stmt 0 view .LVU27
 114 0026 0F23     		movs	r3, #15
 115              	.LVL8:
 191:Core/Src/system_stm32f0xx.c ****       pllsource = RCC->CFGR & RCC_CFGR_PLLSRC;
 116              		.loc 1 191 20 view .LVU28
 117 0028 7468     		ldr	r4, [r6, #4]
 118              	.LVL9:
 192:Core/Src/system_stm32f0xx.c ****       pllmull = ( pllmull >> 18) + 2;
 119              		.loc 1 192 7 is_stmt 1 view .LVU29
 192:Core/Src/system_stm32f0xx.c ****       pllmull = ( pllmull >> 18) + 2;
 120              		.loc 1 192 22 is_stmt 0 view .LVU30
 121 002a 7268     		ldr	r2, [r6, #4]
 122              	.LVL10:
 193:Core/Src/system_stm32f0xx.c ****       predivfactor = (RCC->CFGR2 & RCC_CFGR2_PREDIV) + 1;
 123              		.loc 1 193 7 is_stmt 1 view .LVU31
 193:Core/Src/system_stm32f0xx.c ****       predivfactor = (RCC->CFGR2 & RCC_CFGR2_PREDIV) + 1;
 124              		.loc 1 193 27 is_stmt 0 view .LVU32
 125 002c A40C     		lsrs	r4, r4, #18
 126              	.LVL11:
 193:Core/Src/system_stm32f0xx.c ****       predivfactor = (RCC->CFGR2 & RCC_CFGR2_PREDIV) + 1;
 127              		.loc 1 193 27 view .LVU33
 128 002e 1C40     		ands	r4, r3
 194:Core/Src/system_stm32f0xx.c **** 
 129              		.loc 1 194 26 view .LVU34
 130 0030 F16A     		ldr	r1, [r6, #44]
 193:Core/Src/system_stm32f0xx.c ****       predivfactor = (RCC->CFGR2 & RCC_CFGR2_PREDIV) + 1;
 131              		.loc 1 193 15 view .LVU35
 132 0032 0234     		adds	r4, r4, #2
 133              	.LVL12:
 194:Core/Src/system_stm32f0xx.c **** 
 134              		.loc 1 194 7 is_stmt 1 view .LVU36
 196:Core/Src/system_stm32f0xx.c ****       {
 135              		.loc 1 196 7 view .LVU37
 196:Core/Src/system_stm32f0xx.c ****       {
 136              		.loc 1 196 10 is_stmt 0 view .LVU38
 137 0034 D203     		lsls	r2, r2, #15
 138 0036 07D5     		bpl	.L5
 139              	.LVL13:
 199:Core/Src/system_stm32f0xx.c ****       }
 140              		.loc 1 199 9 is_stmt 1 view .LVU39
 194:Core/Src/system_stm32f0xx.c **** 
 141              		.loc 1 194 34 is_stmt 0 view .LVU40
 142 0038 1940     		ands	r1, r3
 143              	.LVL14:
 199:Core/Src/system_stm32f0xx.c ****       }
 144              		.loc 1 199 37 view .LVU41
 145 003a 0748     		ldr	r0, .L7+8
 194:Core/Src/system_stm32f0xx.c **** 
 146              		.loc 1 194 20 view .LVU42
ARM GAS  C:\Users\ADMINI~1\AppData\Local\Temp\cc1di1lA.s 			page 8


 147 003c 0131     		adds	r1, r1, #1
 148              	.LVL15:
 199:Core/Src/system_stm32f0xx.c ****       }
 149              		.loc 1 199 37 view .LVU43
 150 003e FFF7FEFF 		bl	__aeabi_uidiv
 151              	.LVL16:
 199:Core/Src/system_stm32f0xx.c ****       }
 152              		.loc 1 199 52 view .LVU44
 153 0042 4443     		muls	r4, r0
 154              	.LVL17:
 155              	.L6:
 217:Core/Src/system_stm32f0xx.c **** #endif /* STM32F042x6 || STM32F048xx || STM32F070x6 || 
 156              		.loc 1 217 25 view .LVU45
 157 0044 2C60     		str	r4, [r5]
 158 0046 E5E7     		b	.L4
 159              	.LVL18:
 160              	.L5:
 217:Core/Src/system_stm32f0xx.c **** #endif /* STM32F042x6 || STM32F048xx || STM32F070x6 || 
 161              		.loc 1 217 9 is_stmt 1 view .LVU46
 217:Core/Src/system_stm32f0xx.c **** #endif /* STM32F042x6 || STM32F048xx || STM32F070x6 || 
 162              		.loc 1 217 44 is_stmt 0 view .LVU47
 163 0048 054B     		ldr	r3, .L7+16
 164 004a 5C43     		muls	r4, r3
 165              	.LVL19:
 217:Core/Src/system_stm32f0xx.c **** #endif /* STM32F042x6 || STM32F048xx || STM32F070x6 || 
 166              		.loc 1 217 44 view .LVU48
 167 004c FAE7     		b	.L6
 168              	.L8:
 169 004e C046     		.align	2
 170              	.L7:
 171 0050 00100240 		.word	1073876992
 172 0054 00000000 		.word	.LANCHOR0
 173 0058 00127A00 		.word	8000000
 174 005c 00000000 		.word	.LANCHOR1
 175 0060 00093D00 		.word	4000000
 176              		.cfi_endproc
 177              	.LFE41:
 179              		.global	APBPrescTable
 180              		.global	AHBPrescTable
 181              		.global	SystemCoreClock
 182              		.section	.data.SystemCoreClock,"aw"
 183              		.align	2
 184              		.set	.LANCHOR0,. + 0
 187              	SystemCoreClock:
 188 0000 00127A00 		.word	8000000
 189              		.section	.rodata.AHBPrescTable,"a"
 190              		.set	.LANCHOR1,. + 0
 193              	AHBPrescTable:
 194 0000 00000000 		.ascii	"\000\000\000\000\000\000\000\000\001\002\003\004\006"
 194      00000000 
 194      01020304 
 194      06
 195 000d 070809   		.ascii	"\007\010\011"
 196              		.section	.rodata.APBPrescTable,"a"
 199              	APBPrescTable:
 200 0000 00000000 		.ascii	"\000\000\000\000\001\002\003\004"
 200      01020304 
ARM GAS  C:\Users\ADMINI~1\AppData\Local\Temp\cc1di1lA.s 			page 9


 201              		.text
 202              	.Letext0:
 203              		.file 2 "d:\\program files (x86)\\gnu arm embedded toolchain\\10 2021.10\\arm-none-eabi\\include\\
 204              		.file 3 "d:\\program files (x86)\\gnu arm embedded toolchain\\10 2021.10\\arm-none-eabi\\include\\
 205              		.file 4 "Drivers/CMSIS/Device/ST/STM32F0xx/Include/system_stm32f0xx.h"
 206              		.file 5 "Drivers/CMSIS/Device/ST/STM32F0xx/Include/stm32f030x6.h"
ARM GAS  C:\Users\ADMINI~1\AppData\Local\Temp\cc1di1lA.s 			page 10


DEFINED SYMBOLS
                            *ABS*:00000000 system_stm32f0xx.c
C:\Users\ADMINI~1\AppData\Local\Temp\cc1di1lA.s:18     .text.SystemInit:00000000 $t
C:\Users\ADMINI~1\AppData\Local\Temp\cc1di1lA.s:24     .text.SystemInit:00000000 SystemInit
C:\Users\ADMINI~1\AppData\Local\Temp\cc1di1lA.s:41     .text.SystemCoreClockUpdate:00000000 $t
C:\Users\ADMINI~1\AppData\Local\Temp\cc1di1lA.s:47     .text.SystemCoreClockUpdate:00000000 SystemCoreClockUpdate
C:\Users\ADMINI~1\AppData\Local\Temp\cc1di1lA.s:171    .text.SystemCoreClockUpdate:00000050 $d
C:\Users\ADMINI~1\AppData\Local\Temp\cc1di1lA.s:199    .rodata.APBPrescTable:00000000 APBPrescTable
C:\Users\ADMINI~1\AppData\Local\Temp\cc1di1lA.s:193    .rodata.AHBPrescTable:00000000 AHBPrescTable
C:\Users\ADMINI~1\AppData\Local\Temp\cc1di1lA.s:187    .data.SystemCoreClock:00000000 SystemCoreClock
C:\Users\ADMINI~1\AppData\Local\Temp\cc1di1lA.s:183    .data.SystemCoreClock:00000000 $d

UNDEFINED SYMBOLS
__aeabi_uidiv
__aeabi_idiv
