ARM GAS  C:\Users\ADMINI~1\AppData\Local\Temp\ccI7gcqg.s 			page 1


   1              		.cpu cortex-m0
   2              		.arch armv6s-m
   3              		.fpu softvfp
   4              		.eabi_attribute 20, 1
   5              		.eabi_attribute 21, 1
   6              		.eabi_attribute 23, 3
   7              		.eabi_attribute 24, 1
   8              		.eabi_attribute 25, 1
   9              		.eabi_attribute 26, 1
  10              		.eabi_attribute 30, 4
  11              		.eabi_attribute 34, 0
  12              		.eabi_attribute 18, 4
  13              		.file	"Uart_Driver.c"
  14              		.text
  15              	.Ltext0:
  16              		.cfi_sections	.debug_frame
  17              		.section	.text.Uart_SendString,"ax",%progbits
  18              		.align	1
  19              		.global	Uart_SendString
  20              		.syntax unified
  21              		.code	16
  22              		.thumb_func
  24              	Uart_SendString:
  25              	.LVL0:
  26              	.LFB43:
  27              		.file 1 "Modules/Connectivity/Uart_Driver.c"
   1:Modules/Connectivity/Uart_Driver.c **** #include "Uart_Driver.h"
   2:Modules/Connectivity/Uart_Driver.c **** 
   3:Modules/Connectivity/Uart_Driver.c **** void Uart_SendString(const char str[]) {
  28              		.loc 1 3 40 view -0
  29              		.cfi_startproc
  30              		@ args = 0, pretend = 0, frame = 0
  31              		@ frame_needed = 0, uses_anonymous_args = 0
   4:Modules/Connectivity/Uart_Driver.c **** 	HAL_UART_Transmit_DMA(&huart1, (uint8_t *)str, strlen(str));
  32              		.loc 1 4 2 view .LVU1
   3:Modules/Connectivity/Uart_Driver.c **** 	HAL_UART_Transmit_DMA(&huart1, (uint8_t *)str, strlen(str));
  33              		.loc 1 3 40 is_stmt 0 view .LVU2
  34 0000 10B5     		push	{r4, lr}
  35              	.LCFI0:
  36              		.cfi_def_cfa_offset 8
  37              		.cfi_offset 4, -8
  38              		.cfi_offset 14, -4
   3:Modules/Connectivity/Uart_Driver.c **** 	HAL_UART_Transmit_DMA(&huart1, (uint8_t *)str, strlen(str));
  39              		.loc 1 3 40 view .LVU3
  40 0002 0400     		movs	r4, r0
   5:Modules/Connectivity/Uart_Driver.c **** 	HAL_Delay(1);
   6:Modules/Connectivity/Uart_Driver.c **** }
  41              		.loc 1 6 1 view .LVU4
  42              		@ sp needed
   4:Modules/Connectivity/Uart_Driver.c **** 	HAL_Delay(1);
  43              		.loc 1 4 49 view .LVU5
  44 0004 FFF7FEFF 		bl	strlen
  45              	.LVL1:
   4:Modules/Connectivity/Uart_Driver.c **** 	HAL_Delay(1);
  46              		.loc 1 4 2 view .LVU6
  47 0008 2100     		movs	r1, r4
  48 000a 82B2     		uxth	r2, r0
ARM GAS  C:\Users\ADMINI~1\AppData\Local\Temp\ccI7gcqg.s 			page 2


  49 000c 0348     		ldr	r0, .L2
  50 000e FFF7FEFF 		bl	HAL_UART_Transmit_DMA
  51              	.LVL2:
   5:Modules/Connectivity/Uart_Driver.c **** 	HAL_Delay(1);
  52              		.loc 1 5 2 is_stmt 1 view .LVU7
  53 0012 0120     		movs	r0, #1
  54 0014 FFF7FEFF 		bl	HAL_Delay
  55              	.LVL3:
  56              	.LVL4:
  57              		.loc 1 6 1 is_stmt 0 view .LVU8
  58 0018 10BD     		pop	{r4, pc}
  59              	.L3:
  60 001a C046     		.align	2
  61              	.L2:
  62 001c 00000000 		.word	huart1
  63              		.cfi_endproc
  64              	.LFE43:
  66              		.section	.text.Uart_SendChar,"ax",%progbits
  67              		.align	1
  68              		.global	Uart_SendChar
  69              		.syntax unified
  70              		.code	16
  71              		.thumb_func
  73              	Uart_SendChar:
  74              	.LVL5:
  75              	.LFB44:
   7:Modules/Connectivity/Uart_Driver.c **** 
   8:Modules/Connectivity/Uart_Driver.c **** void Uart_SendChar(char c) {
  76              		.loc 1 8 28 is_stmt 1 view -0
  77              		.cfi_startproc
  78              		@ args = 0, pretend = 0, frame = 8
  79              		@ frame_needed = 0, uses_anonymous_args = 0
   9:Modules/Connectivity/Uart_Driver.c **** 	uint8_t temp[1] = {c};
  80              		.loc 1 9 2 view .LVU10
   8:Modules/Connectivity/Uart_Driver.c **** 	uint8_t temp[1] = {c};
  81              		.loc 1 8 28 is_stmt 0 view .LVU11
  82 0000 07B5     		push	{r0, r1, r2, lr}
  83              	.LCFI1:
  84              		.cfi_def_cfa_offset 16
  85              		.cfi_offset 0, -16
  86              		.cfi_offset 1, -12
  87              		.cfi_offset 2, -8
  88              		.cfi_offset 14, -4
  89              		.loc 1 9 10 view .LVU12
  90 0002 01A9     		add	r1, sp, #4
  91 0004 0870     		strb	r0, [r1]
  10:Modules/Connectivity/Uart_Driver.c **** 	HAL_UART_Transmit_DMA(&huart1, temp, 1);
  92              		.loc 1 10 2 is_stmt 1 view .LVU13
  93 0006 0122     		movs	r2, #1
  11:Modules/Connectivity/Uart_Driver.c **** 	HAL_Delay(1);
  12:Modules/Connectivity/Uart_Driver.c **** }
  94              		.loc 1 12 1 is_stmt 0 view .LVU14
  95              		@ sp needed
  10:Modules/Connectivity/Uart_Driver.c **** 	HAL_UART_Transmit_DMA(&huart1, temp, 1);
  96              		.loc 1 10 2 view .LVU15
  97 0008 0348     		ldr	r0, .L5
  98              	.LVL6:
ARM GAS  C:\Users\ADMINI~1\AppData\Local\Temp\ccI7gcqg.s 			page 3


  10:Modules/Connectivity/Uart_Driver.c **** 	HAL_UART_Transmit_DMA(&huart1, temp, 1);
  99              		.loc 1 10 2 view .LVU16
 100 000a FFF7FEFF 		bl	HAL_UART_Transmit_DMA
 101              	.LVL7:
  11:Modules/Connectivity/Uart_Driver.c **** 	HAL_Delay(1);
 102              		.loc 1 11 2 is_stmt 1 view .LVU17
 103 000e 0120     		movs	r0, #1
 104 0010 FFF7FEFF 		bl	HAL_Delay
 105              	.LVL8:
 106              		.loc 1 12 1 is_stmt 0 view .LVU18
 107 0014 07BD     		pop	{r0, r1, r2, pc}
 108              	.L6:
 109 0016 C046     		.align	2
 110              	.L5:
 111 0018 00000000 		.word	huart1
 112              		.cfi_endproc
 113              	.LFE44:
 115              		.section	.text.Debug_Printf,"ax",%progbits
 116              		.align	1
 117              		.global	Debug_Printf
 118              		.syntax unified
 119              		.code	16
 120              		.thumb_func
 122              	Debug_Printf:
 123              	.LVL9:
 124              	.LFB45:
  13:Modules/Connectivity/Uart_Driver.c **** 
  14:Modules/Connectivity/Uart_Driver.c **** void Debug_Printf(const char *format,...) {
 125              		.loc 1 14 43 is_stmt 1 view -0
 126              		.cfi_startproc
 127              		@ args = 4, pretend = 16, frame = 40
 128              		@ frame_needed = 0, uses_anonymous_args = 1
  15:Modules/Connectivity/Uart_Driver.c **** 	#ifdef DEBUG
  16:Modules/Connectivity/Uart_Driver.c **** 	char dat[36] = {0};
 129              		.loc 1 16 2 view .LVU20
  17:Modules/Connectivity/Uart_Driver.c **** 	char buf[30] = {0};
 130              		.loc 1 17 2 view .LVU21
  14:Modules/Connectivity/Uart_Driver.c **** 	#ifdef DEBUG
 131              		.loc 1 14 43 is_stmt 0 view .LVU22
 132 0000 0FB4     		push	{r0, r1, r2, r3}
 133              	.LCFI2:
 134              		.cfi_def_cfa_offset 16
 135              		.loc 1 17 7 view .LVU23
 136 0002 0021     		movs	r1, #0
  14:Modules/Connectivity/Uart_Driver.c **** 	#ifdef DEBUG
 137              		.loc 1 14 43 view .LVU24
 138 0004 30B5     		push	{r4, r5, lr}
 139              	.LCFI3:
 140              		.cfi_def_cfa_offset 28
 141              		.cfi_offset 4, -28
 142              		.cfi_offset 5, -24
 143              		.cfi_offset 14, -20
 144 0006 8BB0     		sub	sp, sp, #44
 145              	.LCFI4:
 146              		.cfi_def_cfa_offset 72
  14:Modules/Connectivity/Uart_Driver.c **** 	#ifdef DEBUG
 147              		.loc 1 14 43 view .LVU25
ARM GAS  C:\Users\ADMINI~1\AppData\Local\Temp\ccI7gcqg.s 			page 4


 148 0008 0EAC     		add	r4, sp, #56
 149 000a 20CC     		ldmia	r4!, {r5}
 150              		.loc 1 17 7 view .LVU26
 151 000c 1A22     		movs	r2, #26
 152 000e 03A8     		add	r0, sp, #12
 153 0010 0291     		str	r1, [sp, #8]
 154 0012 FFF7FEFF 		bl	memset
 155              	.LVL10:
  18:Modules/Connectivity/Uart_Driver.c **** 	va_list ap;
 156              		.loc 1 18 2 is_stmt 1 view .LVU27
  19:Modules/Connectivity/Uart_Driver.c **** 	va_start(ap, format);
 157              		.loc 1 19 2 view .LVU28
  20:Modules/Connectivity/Uart_Driver.c **** 	
  21:Modules/Connectivity/Uart_Driver.c **** 	vsprintf(buf, format, ap);
 158              		.loc 1 21 2 is_stmt 0 view .LVU29
 159 0016 2200     		movs	r2, r4
 160 0018 2900     		movs	r1, r5
 161 001a 02A8     		add	r0, sp, #8
  19:Modules/Connectivity/Uart_Driver.c **** 	va_start(ap, format);
 162              		.loc 1 19 2 view .LVU30
 163 001c 0194     		str	r4, [sp, #4]
 164              		.loc 1 21 2 is_stmt 1 view .LVU31
 165 001e FFF7FEFF 		bl	vsprintf
 166              	.LVL11:
  22:Modules/Connectivity/Uart_Driver.c **** 	Uart_SendString(buf);
 167              		.loc 1 22 2 view .LVU32
 168 0022 02A8     		add	r0, sp, #8
 169 0024 FFF7FEFF 		bl	Uart_SendString
 170              	.LVL12:
  23:Modules/Connectivity/Uart_Driver.c **** 	
  24:Modules/Connectivity/Uart_Driver.c **** 	va_end(ap);
 171              		.loc 1 24 2 view .LVU33
  25:Modules/Connectivity/Uart_Driver.c **** 	#endif
  26:Modules/Connectivity/Uart_Driver.c **** }
 172              		.loc 1 26 1 is_stmt 0 view .LVU34
 173 0028 0BB0     		add	sp, sp, #44
 174              		@ sp needed
 175 002a 30BC     		pop	{r4, r5}
 176 002c 08BC     		pop	{r3}
 177 002e 04B0     		add	sp, sp, #16
 178 0030 1847     		bx	r3
 179              		.cfi_endproc
 180              	.LFE45:
 182              		.text
 183              	.Letext0:
 184              		.file 2 "d:\\program files (x86)\\gnu arm embedded toolchain\\10 2021.10\\arm-none-eabi\\include\\
 185              		.file 3 "d:\\program files (x86)\\gnu arm embedded toolchain\\10 2021.10\\arm-none-eabi\\include\\
 186              		.file 4 "Drivers/CMSIS/Device/ST/STM32F0xx/Include/stm32f030x6.h"
 187              		.file 5 "Drivers/STM32F0xx_HAL_Driver/Inc/stm32f0xx_hal_def.h"
 188              		.file 6 "Drivers/STM32F0xx_HAL_Driver/Inc/stm32f0xx_hal_dma.h"
 189              		.file 7 "Drivers/STM32F0xx_HAL_Driver/Inc/stm32f0xx_hal_uart.h"
 190              		.file 8 "d:\\program files (x86)\\gnu arm embedded toolchain\\10 2021.10\\lib\\gcc\\arm-none-eabi\
 191              		.file 9 "d:\\program files (x86)\\gnu arm embedded toolchain\\10 2021.10\\arm-none-eabi\\include\\
 192              		.file 10 "Drivers/STM32F0xx_HAL_Driver/Inc/stm32f0xx_hal.h"
 193              		.file 11 "d:\\program files (x86)\\gnu arm embedded toolchain\\10 2021.10\\arm-none-eabi\\include\
 194              		.file 12 "Core/Inc/usart.h"
 195              		.file 13 "<built-in>"
ARM GAS  C:\Users\ADMINI~1\AppData\Local\Temp\ccI7gcqg.s 			page 5


ARM GAS  C:\Users\ADMINI~1\AppData\Local\Temp\ccI7gcqg.s 			page 6


DEFINED SYMBOLS
                            *ABS*:00000000 Uart_Driver.c
C:\Users\ADMINI~1\AppData\Local\Temp\ccI7gcqg.s:18     .text.Uart_SendString:00000000 $t
C:\Users\ADMINI~1\AppData\Local\Temp\ccI7gcqg.s:24     .text.Uart_SendString:00000000 Uart_SendString
C:\Users\ADMINI~1\AppData\Local\Temp\ccI7gcqg.s:62     .text.Uart_SendString:0000001c $d
C:\Users\ADMINI~1\AppData\Local\Temp\ccI7gcqg.s:67     .text.Uart_SendChar:00000000 $t
C:\Users\ADMINI~1\AppData\Local\Temp\ccI7gcqg.s:73     .text.Uart_SendChar:00000000 Uart_SendChar
C:\Users\ADMINI~1\AppData\Local\Temp\ccI7gcqg.s:111    .text.Uart_SendChar:00000018 $d
C:\Users\ADMINI~1\AppData\Local\Temp\ccI7gcqg.s:116    .text.Debug_Printf:00000000 $t
C:\Users\ADMINI~1\AppData\Local\Temp\ccI7gcqg.s:122    .text.Debug_Printf:00000000 Debug_Printf

UNDEFINED SYMBOLS
strlen
HAL_UART_Transmit_DMA
HAL_Delay
huart1
memset
vsprintf
