ARM GAS  C:\Users\ADMINI~1\AppData\Local\Temp\ccColXKt.s 			page 1


   1              		.cpu cortex-m0
   2              		.arch armv6s-m
   3              		.fpu softvfp
   4              		.eabi_attribute 20, 1
   5              		.eabi_attribute 21, 1
   6              		.eabi_attribute 23, 3
   7              		.eabi_attribute 24, 1
   8              		.eabi_attribute 25, 1
   9              		.eabi_attribute 26, 1
  10              		.eabi_attribute 30, 4
  11              		.eabi_attribute 34, 0
  12              		.eabi_attribute 18, 4
  13              		.file	"usart.c"
  14              		.text
  15              	.Ltext0:
  16              		.cfi_sections	.debug_frame
  17              		.section	.text.MX_USART1_UART_Init,"ax",%progbits
  18              		.align	1
  19              		.global	MX_USART1_UART_Init
  20              		.syntax unified
  21              		.code	16
  22              		.thumb_func
  24              	MX_USART1_UART_Init:
  25              	.LFB40:
  26              		.file 1 "Core/Src/usart.c"
   1:Core/Src/usart.c **** /**
   2:Core/Src/usart.c ****   ******************************************************************************
   3:Core/Src/usart.c ****   * @file    usart.c
   4:Core/Src/usart.c ****   * @brief   This file provides code for the configuration
   5:Core/Src/usart.c ****   *          of the USART instances.
   6:Core/Src/usart.c ****   ******************************************************************************
   7:Core/Src/usart.c ****   * @attention
   8:Core/Src/usart.c ****   *
   9:Core/Src/usart.c ****   * <h2><center>&copy; Copyright (c) 2022 STMicroelectronics.
  10:Core/Src/usart.c ****   * All rights reserved.</center></h2>
  11:Core/Src/usart.c ****   *
  12:Core/Src/usart.c ****   * This software component is licensed by ST under BSD 3-Clause license,
  13:Core/Src/usart.c ****   * the "License"; You may not use this file except in compliance with the
  14:Core/Src/usart.c ****   * License. You may obtain a copy of the License at:
  15:Core/Src/usart.c ****   *                        opensource.org/licenses/BSD-3-Clause
  16:Core/Src/usart.c ****   *
  17:Core/Src/usart.c ****   ******************************************************************************
  18:Core/Src/usart.c ****   */
  19:Core/Src/usart.c **** 
  20:Core/Src/usart.c **** /* Includes ------------------------------------------------------------------*/
  21:Core/Src/usart.c **** #include "usart.h"
  22:Core/Src/usart.c **** 
  23:Core/Src/usart.c **** /* USER CODE BEGIN 0 */
  24:Core/Src/usart.c **** 
  25:Core/Src/usart.c **** /* USER CODE END 0 */
  26:Core/Src/usart.c **** 
  27:Core/Src/usart.c **** UART_HandleTypeDef huart1;
  28:Core/Src/usart.c **** DMA_HandleTypeDef hdma_usart1_rx;
  29:Core/Src/usart.c **** DMA_HandleTypeDef hdma_usart1_tx;
  30:Core/Src/usart.c **** 
  31:Core/Src/usart.c **** /* USART1 init function */
  32:Core/Src/usart.c **** 
ARM GAS  C:\Users\ADMINI~1\AppData\Local\Temp\ccColXKt.s 			page 2


  33:Core/Src/usart.c **** void MX_USART1_UART_Init(void)
  34:Core/Src/usart.c **** {
  27              		.loc 1 34 1 view -0
  28              		.cfi_startproc
  29              		@ args = 0, pretend = 0, frame = 0
  30              		@ frame_needed = 0, uses_anonymous_args = 0
  35:Core/Src/usart.c **** 
  36:Core/Src/usart.c ****   /* USER CODE BEGIN USART1_Init 0 */
  37:Core/Src/usart.c **** 
  38:Core/Src/usart.c ****   /* USER CODE END USART1_Init 0 */
  39:Core/Src/usart.c **** 
  40:Core/Src/usart.c ****   /* USER CODE BEGIN USART1_Init 1 */
  41:Core/Src/usart.c **** 
  42:Core/Src/usart.c ****   /* USER CODE END USART1_Init 1 */
  43:Core/Src/usart.c ****   huart1.Instance = USART1;
  31              		.loc 1 43 3 view .LVU1
  32              		.loc 1 43 19 is_stmt 0 view .LVU2
  33 0000 0B48     		ldr	r0, .L6
  34 0002 0C4B     		ldr	r3, .L6+4
  34:Core/Src/usart.c **** 
  35              		.loc 1 34 1 view .LVU3
  36 0004 10B5     		push	{r4, lr}
  37              	.LCFI0:
  38              		.cfi_def_cfa_offset 8
  39              		.cfi_offset 4, -8
  40              		.cfi_offset 14, -4
  41              		.loc 1 43 19 view .LVU4
  42 0006 0360     		str	r3, [r0]
  44:Core/Src/usart.c ****   huart1.Init.BaudRate = 500000;
  43              		.loc 1 44 3 is_stmt 1 view .LVU5
  44              		.loc 1 44 24 is_stmt 0 view .LVU6
  45 0008 0B4B     		ldr	r3, .L6+8
  45:Core/Src/usart.c ****   huart1.Init.WordLength = UART_WORDLENGTH_8B;
  46:Core/Src/usart.c ****   huart1.Init.StopBits = UART_STOPBITS_1;
  47:Core/Src/usart.c ****   huart1.Init.Parity = UART_PARITY_NONE;
  48:Core/Src/usart.c ****   huart1.Init.Mode = UART_MODE_TX_RX;
  46              		.loc 1 48 20 view .LVU7
  47 000a 0C22     		movs	r2, #12
  44:Core/Src/usart.c ****   huart1.Init.BaudRate = 500000;
  48              		.loc 1 44 24 view .LVU8
  49 000c 4360     		str	r3, [r0, #4]
  45:Core/Src/usart.c ****   huart1.Init.WordLength = UART_WORDLENGTH_8B;
  50              		.loc 1 45 3 is_stmt 1 view .LVU9
  45:Core/Src/usart.c ****   huart1.Init.WordLength = UART_WORDLENGTH_8B;
  51              		.loc 1 45 26 is_stmt 0 view .LVU10
  52 000e 0023     		movs	r3, #0
  53              		.loc 1 48 20 view .LVU11
  54 0010 4261     		str	r2, [r0, #20]
  45:Core/Src/usart.c ****   huart1.Init.WordLength = UART_WORDLENGTH_8B;
  55              		.loc 1 45 26 view .LVU12
  56 0012 8360     		str	r3, [r0, #8]
  46:Core/Src/usart.c ****   huart1.Init.Parity = UART_PARITY_NONE;
  57              		.loc 1 46 3 is_stmt 1 view .LVU13
  46:Core/Src/usart.c ****   huart1.Init.Parity = UART_PARITY_NONE;
  58              		.loc 1 46 24 is_stmt 0 view .LVU14
  59 0014 C360     		str	r3, [r0, #12]
  47:Core/Src/usart.c ****   huart1.Init.Mode = UART_MODE_TX_RX;
ARM GAS  C:\Users\ADMINI~1\AppData\Local\Temp\ccColXKt.s 			page 3


  60              		.loc 1 47 3 is_stmt 1 view .LVU15
  47:Core/Src/usart.c ****   huart1.Init.Mode = UART_MODE_TX_RX;
  61              		.loc 1 47 22 is_stmt 0 view .LVU16
  62 0016 0361     		str	r3, [r0, #16]
  63              		.loc 1 48 3 is_stmt 1 view .LVU17
  49:Core/Src/usart.c ****   huart1.Init.HwFlowCtl = UART_HWCONTROL_NONE;
  64              		.loc 1 49 3 view .LVU18
  65              		.loc 1 49 25 is_stmt 0 view .LVU19
  66 0018 8361     		str	r3, [r0, #24]
  50:Core/Src/usart.c ****   huart1.Init.OverSampling = UART_OVERSAMPLING_16;
  67              		.loc 1 50 3 is_stmt 1 view .LVU20
  68              		.loc 1 50 28 is_stmt 0 view .LVU21
  69 001a C361     		str	r3, [r0, #28]
  51:Core/Src/usart.c ****   huart1.Init.OneBitSampling = UART_ONE_BIT_SAMPLE_DISABLE;
  70              		.loc 1 51 3 is_stmt 1 view .LVU22
  71              		.loc 1 51 30 is_stmt 0 view .LVU23
  72 001c 0362     		str	r3, [r0, #32]
  52:Core/Src/usart.c ****   huart1.AdvancedInit.AdvFeatureInit = UART_ADVFEATURE_NO_INIT;
  73              		.loc 1 52 3 is_stmt 1 view .LVU24
  74              		.loc 1 52 38 is_stmt 0 view .LVU25
  75 001e 4362     		str	r3, [r0, #36]
  53:Core/Src/usart.c ****   if (HAL_UART_Init(&huart1) != HAL_OK)
  76              		.loc 1 53 3 is_stmt 1 view .LVU26
  77              		.loc 1 53 7 is_stmt 0 view .LVU27
  78 0020 FFF7FEFF 		bl	HAL_UART_Init
  79              	.LVL0:
  80              		.loc 1 53 6 view .LVU28
  81 0024 0028     		cmp	r0, #0
  82 0026 01D0     		beq	.L1
  54:Core/Src/usart.c ****   {
  55:Core/Src/usart.c ****     Error_Handler();
  83              		.loc 1 55 5 is_stmt 1 view .LVU29
  84 0028 FFF7FEFF 		bl	Error_Handler
  85              	.LVL1:
  86              	.L1:
  56:Core/Src/usart.c ****   }
  57:Core/Src/usart.c ****   /* USER CODE BEGIN USART1_Init 2 */
  58:Core/Src/usart.c **** 
  59:Core/Src/usart.c ****   /* USER CODE END USART1_Init 2 */
  60:Core/Src/usart.c **** 
  61:Core/Src/usart.c **** }
  87              		.loc 1 61 1 is_stmt 0 view .LVU30
  88              		@ sp needed
  89 002c 10BD     		pop	{r4, pc}
  90              	.L7:
  91 002e C046     		.align	2
  92              	.L6:
  93 0030 00000000 		.word	huart1
  94 0034 00380140 		.word	1073821696
  95 0038 20A10700 		.word	500000
  96              		.cfi_endproc
  97              	.LFE40:
  99              		.section	.text.HAL_UART_MspInit,"ax",%progbits
 100              		.align	1
 101              		.global	HAL_UART_MspInit
 102              		.syntax unified
 103              		.code	16
ARM GAS  C:\Users\ADMINI~1\AppData\Local\Temp\ccColXKt.s 			page 4


 104              		.thumb_func
 106              	HAL_UART_MspInit:
 107              	.LVL2:
 108              	.LFB41:
  62:Core/Src/usart.c **** 
  63:Core/Src/usart.c **** void HAL_UART_MspInit(UART_HandleTypeDef* uartHandle)
  64:Core/Src/usart.c **** {
 109              		.loc 1 64 1 is_stmt 1 view -0
 110              		.cfi_startproc
 111              		@ args = 0, pretend = 0, frame = 32
 112              		@ frame_needed = 0, uses_anonymous_args = 0
  65:Core/Src/usart.c **** 
  66:Core/Src/usart.c ****   GPIO_InitTypeDef GPIO_InitStruct = {0};
 113              		.loc 1 66 3 view .LVU32
  64:Core/Src/usart.c **** 
 114              		.loc 1 64 1 is_stmt 0 view .LVU33
 115 0000 70B5     		push	{r4, r5, r6, lr}
 116              	.LCFI1:
 117              		.cfi_def_cfa_offset 16
 118              		.cfi_offset 4, -16
 119              		.cfi_offset 5, -12
 120              		.cfi_offset 6, -8
 121              		.cfi_offset 14, -4
 122 0002 0500     		movs	r5, r0
 123 0004 88B0     		sub	sp, sp, #32
 124              	.LCFI2:
 125              		.cfi_def_cfa_offset 48
 126              		.loc 1 66 20 view .LVU34
 127 0006 1422     		movs	r2, #20
 128 0008 0021     		movs	r1, #0
 129 000a 03A8     		add	r0, sp, #12
 130              	.LVL3:
 131              		.loc 1 66 20 view .LVU35
 132 000c FFF7FEFF 		bl	memset
 133              	.LVL4:
  67:Core/Src/usart.c ****   if(uartHandle->Instance==USART1)
 134              		.loc 1 67 3 is_stmt 1 view .LVU36
 135              		.loc 1 67 5 is_stmt 0 view .LVU37
 136 0010 314B     		ldr	r3, .L18
 137 0012 2A68     		ldr	r2, [r5]
 138 0014 9A42     		cmp	r2, r3
 139 0016 5DD1     		bne	.L8
  68:Core/Src/usart.c ****   {
  69:Core/Src/usart.c ****   /* USER CODE BEGIN USART1_MspInit 0 */
  70:Core/Src/usart.c **** 
  71:Core/Src/usart.c ****   /* USER CODE END USART1_MspInit 0 */
  72:Core/Src/usart.c ****     /* USART1 clock enable */
  73:Core/Src/usart.c ****     __HAL_RCC_USART1_CLK_ENABLE();
 140              		.loc 1 73 5 is_stmt 1 view .LVU38
 141              	.LBB2:
 142              		.loc 1 73 5 view .LVU39
 143              		.loc 1 73 5 view .LVU40
 144 0018 8020     		movs	r0, #128
 145 001a 304B     		ldr	r3, .L18+4
 146 001c C001     		lsls	r0, r0, #7
 147 001e 9969     		ldr	r1, [r3, #24]
 148 0020 0143     		orrs	r1, r0
ARM GAS  C:\Users\ADMINI~1\AppData\Local\Temp\ccColXKt.s 			page 5


 149 0022 9961     		str	r1, [r3, #24]
 150              		.loc 1 73 5 view .LVU41
 151              	.LBE2:
 152              	.LBB3:
  74:Core/Src/usart.c **** 
  75:Core/Src/usart.c ****     __HAL_RCC_GPIOA_CLK_ENABLE();
 153              		.loc 1 75 5 is_stmt 0 view .LVU42
 154 0024 8021     		movs	r1, #128
 155              	.LBE3:
 156              	.LBB4:
  73:Core/Src/usart.c **** 
 157              		.loc 1 73 5 view .LVU43
 158 0026 9A69     		ldr	r2, [r3, #24]
 159              	.LBE4:
 160              	.LBB5:
 161              		.loc 1 75 5 view .LVU44
 162 0028 8902     		lsls	r1, r1, #10
 163              	.LBE5:
 164              	.LBB6:
  73:Core/Src/usart.c **** 
 165              		.loc 1 73 5 view .LVU45
 166 002a 0240     		ands	r2, r0
 167 002c 0192     		str	r2, [sp, #4]
  73:Core/Src/usart.c **** 
 168              		.loc 1 73 5 is_stmt 1 view .LVU46
 169 002e 019A     		ldr	r2, [sp, #4]
 170              	.LBE6:
  73:Core/Src/usart.c **** 
 171              		.loc 1 73 5 view .LVU47
 172              		.loc 1 75 5 view .LVU48
 173              	.LBB7:
 174              		.loc 1 75 5 view .LVU49
 175              		.loc 1 75 5 view .LVU50
 176 0030 5A69     		ldr	r2, [r3, #20]
 177              	.LBE7:
  76:Core/Src/usart.c ****     /**USART1 GPIO Configuration
  77:Core/Src/usart.c ****     PA2     ------> USART1_TX
  78:Core/Src/usart.c ****     PA3     ------> USART1_RX
  79:Core/Src/usart.c ****     */
  80:Core/Src/usart.c ****     GPIO_InitStruct.Pin = GPIO_PIN_2|GPIO_PIN_3;
  81:Core/Src/usart.c ****     GPIO_InitStruct.Mode = GPIO_MODE_AF_PP;
  82:Core/Src/usart.c ****     GPIO_InitStruct.Pull = GPIO_NOPULL;
  83:Core/Src/usart.c ****     GPIO_InitStruct.Speed = GPIO_SPEED_FREQ_HIGH;
  84:Core/Src/usart.c ****     GPIO_InitStruct.Alternate = GPIO_AF1_USART1;
  85:Core/Src/usart.c ****     HAL_GPIO_Init(GPIOA, &GPIO_InitStruct);
 178              		.loc 1 85 5 is_stmt 0 view .LVU51
 179 0032 9020     		movs	r0, #144
 180              	.LBB8:
  75:Core/Src/usart.c ****     /**USART1 GPIO Configuration
 181              		.loc 1 75 5 view .LVU52
 182 0034 0A43     		orrs	r2, r1
 183 0036 5A61     		str	r2, [r3, #20]
  75:Core/Src/usart.c ****     /**USART1 GPIO Configuration
 184              		.loc 1 75 5 is_stmt 1 view .LVU53
 185 0038 5B69     		ldr	r3, [r3, #20]
 186              	.LBE8:
 187              		.loc 1 85 5 is_stmt 0 view .LVU54
ARM GAS  C:\Users\ADMINI~1\AppData\Local\Temp\ccColXKt.s 			page 6


 188 003a C005     		lsls	r0, r0, #23
 189              	.LBB9:
  75:Core/Src/usart.c ****     /**USART1 GPIO Configuration
 190              		.loc 1 75 5 view .LVU55
 191 003c 0B40     		ands	r3, r1
 192 003e 0293     		str	r3, [sp, #8]
  75:Core/Src/usart.c ****     /**USART1 GPIO Configuration
 193              		.loc 1 75 5 is_stmt 1 view .LVU56
 194 0040 029B     		ldr	r3, [sp, #8]
 195              	.LBE9:
  75:Core/Src/usart.c ****     /**USART1 GPIO Configuration
 196              		.loc 1 75 5 view .LVU57
  80:Core/Src/usart.c ****     GPIO_InitStruct.Mode = GPIO_MODE_AF_PP;
 197              		.loc 1 80 5 view .LVU58
  80:Core/Src/usart.c ****     GPIO_InitStruct.Mode = GPIO_MODE_AF_PP;
 198              		.loc 1 80 25 is_stmt 0 view .LVU59
 199 0042 0C23     		movs	r3, #12
 200 0044 0393     		str	r3, [sp, #12]
  81:Core/Src/usart.c ****     GPIO_InitStruct.Pull = GPIO_NOPULL;
 201              		.loc 1 81 5 is_stmt 1 view .LVU60
  81:Core/Src/usart.c ****     GPIO_InitStruct.Pull = GPIO_NOPULL;
 202              		.loc 1 81 26 is_stmt 0 view .LVU61
 203 0046 0A3B     		subs	r3, r3, #10
 204 0048 0493     		str	r3, [sp, #16]
  82:Core/Src/usart.c ****     GPIO_InitStruct.Speed = GPIO_SPEED_FREQ_HIGH;
 205              		.loc 1 82 5 is_stmt 1 view .LVU62
  83:Core/Src/usart.c ****     GPIO_InitStruct.Alternate = GPIO_AF1_USART1;
 206              		.loc 1 83 5 view .LVU63
  83:Core/Src/usart.c ****     GPIO_InitStruct.Alternate = GPIO_AF1_USART1;
 207              		.loc 1 83 27 is_stmt 0 view .LVU64
 208 004a 0133     		adds	r3, r3, #1
 209 004c 0693     		str	r3, [sp, #24]
  84:Core/Src/usart.c ****     HAL_GPIO_Init(GPIOA, &GPIO_InitStruct);
 210              		.loc 1 84 5 is_stmt 1 view .LVU65
 211              		.loc 1 85 5 is_stmt 0 view .LVU66
 212 004e 03A9     		add	r1, sp, #12
  84:Core/Src/usart.c ****     HAL_GPIO_Init(GPIOA, &GPIO_InitStruct);
 213              		.loc 1 84 31 view .LVU67
 214 0050 023B     		subs	r3, r3, #2
 215 0052 0793     		str	r3, [sp, #28]
 216              		.loc 1 85 5 is_stmt 1 view .LVU68
 217 0054 FFF7FEFF 		bl	HAL_GPIO_Init
 218              	.LVL5:
  86:Core/Src/usart.c **** 
  87:Core/Src/usart.c ****     /* USART1 DMA Init */
  88:Core/Src/usart.c ****     /* USART1_RX Init */
  89:Core/Src/usart.c ****     hdma_usart1_rx.Instance = DMA1_Channel5;
 219              		.loc 1 89 5 view .LVU69
 220              		.loc 1 89 29 is_stmt 0 view .LVU70
 221 0058 214C     		ldr	r4, .L18+8
 222 005a 224B     		ldr	r3, .L18+12
  90:Core/Src/usart.c ****     hdma_usart1_rx.Init.Direction = DMA_PERIPH_TO_MEMORY;
  91:Core/Src/usart.c ****     hdma_usart1_rx.Init.PeriphInc = DMA_PINC_DISABLE;
  92:Core/Src/usart.c ****     hdma_usart1_rx.Init.MemInc = DMA_MINC_ENABLE;
 223              		.loc 1 92 32 view .LVU71
 224 005c 8022     		movs	r2, #128
  89:Core/Src/usart.c ****     hdma_usart1_rx.Init.Direction = DMA_PERIPH_TO_MEMORY;
ARM GAS  C:\Users\ADMINI~1\AppData\Local\Temp\ccColXKt.s 			page 7


 225              		.loc 1 89 29 view .LVU72
 226 005e 2360     		str	r3, [r4]
  90:Core/Src/usart.c ****     hdma_usart1_rx.Init.Direction = DMA_PERIPH_TO_MEMORY;
 227              		.loc 1 90 5 is_stmt 1 view .LVU73
  90:Core/Src/usart.c ****     hdma_usart1_rx.Init.Direction = DMA_PERIPH_TO_MEMORY;
 228              		.loc 1 90 35 is_stmt 0 view .LVU74
 229 0060 0023     		movs	r3, #0
  93:Core/Src/usart.c ****     hdma_usart1_rx.Init.PeriphDataAlignment = DMA_PDATAALIGN_BYTE;
  94:Core/Src/usart.c ****     hdma_usart1_rx.Init.MemDataAlignment = DMA_MDATAALIGN_BYTE;
  95:Core/Src/usart.c ****     hdma_usart1_rx.Init.Mode = DMA_NORMAL;
  96:Core/Src/usart.c ****     hdma_usart1_rx.Init.Priority = DMA_PRIORITY_LOW;
  97:Core/Src/usart.c ****     if (HAL_DMA_Init(&hdma_usart1_rx) != HAL_OK)
 230              		.loc 1 97 9 view .LVU75
 231 0062 2000     		movs	r0, r4
  90:Core/Src/usart.c ****     hdma_usart1_rx.Init.PeriphInc = DMA_PINC_DISABLE;
 232              		.loc 1 90 35 view .LVU76
 233 0064 6360     		str	r3, [r4, #4]
  91:Core/Src/usart.c ****     hdma_usart1_rx.Init.MemInc = DMA_MINC_ENABLE;
 234              		.loc 1 91 5 is_stmt 1 view .LVU77
  91:Core/Src/usart.c ****     hdma_usart1_rx.Init.MemInc = DMA_MINC_ENABLE;
 235              		.loc 1 91 35 is_stmt 0 view .LVU78
 236 0066 A360     		str	r3, [r4, #8]
  92:Core/Src/usart.c ****     hdma_usart1_rx.Init.PeriphDataAlignment = DMA_PDATAALIGN_BYTE;
 237              		.loc 1 92 5 is_stmt 1 view .LVU79
  92:Core/Src/usart.c ****     hdma_usart1_rx.Init.PeriphDataAlignment = DMA_PDATAALIGN_BYTE;
 238              		.loc 1 92 32 is_stmt 0 view .LVU80
 239 0068 E260     		str	r2, [r4, #12]
  93:Core/Src/usart.c ****     hdma_usart1_rx.Init.MemDataAlignment = DMA_MDATAALIGN_BYTE;
 240              		.loc 1 93 5 is_stmt 1 view .LVU81
  93:Core/Src/usart.c ****     hdma_usart1_rx.Init.MemDataAlignment = DMA_MDATAALIGN_BYTE;
 241              		.loc 1 93 45 is_stmt 0 view .LVU82
 242 006a 2361     		str	r3, [r4, #16]
  94:Core/Src/usart.c ****     hdma_usart1_rx.Init.Mode = DMA_NORMAL;
 243              		.loc 1 94 5 is_stmt 1 view .LVU83
  94:Core/Src/usart.c ****     hdma_usart1_rx.Init.Mode = DMA_NORMAL;
 244              		.loc 1 94 42 is_stmt 0 view .LVU84
 245 006c 6361     		str	r3, [r4, #20]
  95:Core/Src/usart.c ****     hdma_usart1_rx.Init.Priority = DMA_PRIORITY_LOW;
 246              		.loc 1 95 5 is_stmt 1 view .LVU85
  95:Core/Src/usart.c ****     hdma_usart1_rx.Init.Priority = DMA_PRIORITY_LOW;
 247              		.loc 1 95 30 is_stmt 0 view .LVU86
 248 006e A361     		str	r3, [r4, #24]
  96:Core/Src/usart.c ****     if (HAL_DMA_Init(&hdma_usart1_rx) != HAL_OK)
 249              		.loc 1 96 5 is_stmt 1 view .LVU87
  96:Core/Src/usart.c ****     if (HAL_DMA_Init(&hdma_usart1_rx) != HAL_OK)
 250              		.loc 1 96 34 is_stmt 0 view .LVU88
 251 0070 E361     		str	r3, [r4, #28]
 252              		.loc 1 97 5 is_stmt 1 view .LVU89
 253              		.loc 1 97 9 is_stmt 0 view .LVU90
 254 0072 FFF7FEFF 		bl	HAL_DMA_Init
 255              	.LVL6:
 256              		.loc 1 97 8 view .LVU91
 257 0076 0028     		cmp	r0, #0
 258 0078 01D0     		beq	.L10
  98:Core/Src/usart.c ****     {
  99:Core/Src/usart.c ****       Error_Handler();
 259              		.loc 1 99 7 is_stmt 1 view .LVU92
ARM GAS  C:\Users\ADMINI~1\AppData\Local\Temp\ccColXKt.s 			page 8


 260 007a FFF7FEFF 		bl	Error_Handler
 261              	.LVL7:
 262              	.L10:
 100:Core/Src/usart.c ****     }
 101:Core/Src/usart.c **** 
 102:Core/Src/usart.c ****     __HAL_DMA_REMAP_CHANNEL_ENABLE(DMA_REMAP_USART1_RX_DMA_CH5);
 263              		.loc 1 102 5 view .LVU93
 264              		.loc 1 102 5 view .LVU94
 265              		.loc 1 102 5 view .LVU95
 266 007e 8023     		movs	r3, #128
 267 0080 194E     		ldr	r6, .L18+16
 268 0082 DB00     		lsls	r3, r3, #3
 269 0084 3268     		ldr	r2, [r6]
 270 0086 1343     		orrs	r3, r2
 271 0088 3360     		str	r3, [r6]
 272              		.loc 1 102 5 view .LVU96
 103:Core/Src/usart.c **** 
 104:Core/Src/usart.c ****     __HAL_LINKDMA(uartHandle,hdmarx,hdma_usart1_rx);
 273              		.loc 1 104 5 view .LVU97
 274              		.loc 1 104 5 view .LVU98
 105:Core/Src/usart.c **** 
 106:Core/Src/usart.c ****     /* USART1_TX Init */
 107:Core/Src/usart.c ****     hdma_usart1_tx.Instance = DMA1_Channel4;
 275              		.loc 1 107 29 is_stmt 0 view .LVU99
 276 008a 184B     		ldr	r3, .L18+20
 104:Core/Src/usart.c **** 
 277              		.loc 1 104 5 view .LVU100
 278 008c 2C67     		str	r4, [r5, #112]
 104:Core/Src/usart.c **** 
 279              		.loc 1 104 5 is_stmt 1 view .LVU101
 280 008e 6562     		str	r5, [r4, #36]
 104:Core/Src/usart.c **** 
 281              		.loc 1 104 5 view .LVU102
 282              		.loc 1 107 5 view .LVU103
 283              		.loc 1 107 29 is_stmt 0 view .LVU104
 284 0090 174C     		ldr	r4, .L18+24
 108:Core/Src/usart.c ****     hdma_usart1_tx.Init.Direction = DMA_MEMORY_TO_PERIPH;
 109:Core/Src/usart.c ****     hdma_usart1_tx.Init.PeriphInc = DMA_PINC_DISABLE;
 110:Core/Src/usart.c ****     hdma_usart1_tx.Init.MemInc = DMA_MINC_ENABLE;
 285              		.loc 1 110 32 view .LVU105
 286 0092 8022     		movs	r2, #128
 107:Core/Src/usart.c ****     hdma_usart1_tx.Init.Direction = DMA_MEMORY_TO_PERIPH;
 287              		.loc 1 107 29 view .LVU106
 288 0094 2360     		str	r3, [r4]
 108:Core/Src/usart.c ****     hdma_usart1_tx.Init.Direction = DMA_MEMORY_TO_PERIPH;
 289              		.loc 1 108 5 is_stmt 1 view .LVU107
 108:Core/Src/usart.c ****     hdma_usart1_tx.Init.Direction = DMA_MEMORY_TO_PERIPH;
 290              		.loc 1 108 35 is_stmt 0 view .LVU108
 291 0096 1023     		movs	r3, #16
 292 0098 6360     		str	r3, [r4, #4]
 109:Core/Src/usart.c ****     hdma_usart1_tx.Init.MemInc = DMA_MINC_ENABLE;
 293              		.loc 1 109 5 is_stmt 1 view .LVU109
 109:Core/Src/usart.c ****     hdma_usart1_tx.Init.MemInc = DMA_MINC_ENABLE;
 294              		.loc 1 109 35 is_stmt 0 view .LVU110
 295 009a 0023     		movs	r3, #0
 111:Core/Src/usart.c ****     hdma_usart1_tx.Init.PeriphDataAlignment = DMA_PDATAALIGN_BYTE;
 112:Core/Src/usart.c ****     hdma_usart1_tx.Init.MemDataAlignment = DMA_MDATAALIGN_BYTE;
ARM GAS  C:\Users\ADMINI~1\AppData\Local\Temp\ccColXKt.s 			page 9


 113:Core/Src/usart.c ****     hdma_usart1_tx.Init.Mode = DMA_NORMAL;
 114:Core/Src/usart.c ****     hdma_usart1_tx.Init.Priority = DMA_PRIORITY_LOW;
 115:Core/Src/usart.c ****     if (HAL_DMA_Init(&hdma_usart1_tx) != HAL_OK)
 296              		.loc 1 115 9 view .LVU111
 297 009c 2000     		movs	r0, r4
 109:Core/Src/usart.c ****     hdma_usart1_tx.Init.MemInc = DMA_MINC_ENABLE;
 298              		.loc 1 109 35 view .LVU112
 299 009e A360     		str	r3, [r4, #8]
 110:Core/Src/usart.c ****     hdma_usart1_tx.Init.PeriphDataAlignment = DMA_PDATAALIGN_BYTE;
 300              		.loc 1 110 5 is_stmt 1 view .LVU113
 110:Core/Src/usart.c ****     hdma_usart1_tx.Init.PeriphDataAlignment = DMA_PDATAALIGN_BYTE;
 301              		.loc 1 110 32 is_stmt 0 view .LVU114
 302 00a0 E260     		str	r2, [r4, #12]
 111:Core/Src/usart.c ****     hdma_usart1_tx.Init.PeriphDataAlignment = DMA_PDATAALIGN_BYTE;
 303              		.loc 1 111 5 is_stmt 1 view .LVU115
 111:Core/Src/usart.c ****     hdma_usart1_tx.Init.PeriphDataAlignment = DMA_PDATAALIGN_BYTE;
 304              		.loc 1 111 45 is_stmt 0 view .LVU116
 305 00a2 2361     		str	r3, [r4, #16]
 112:Core/Src/usart.c ****     hdma_usart1_tx.Init.Mode = DMA_NORMAL;
 306              		.loc 1 112 5 is_stmt 1 view .LVU117
 112:Core/Src/usart.c ****     hdma_usart1_tx.Init.Mode = DMA_NORMAL;
 307              		.loc 1 112 42 is_stmt 0 view .LVU118
 308 00a4 6361     		str	r3, [r4, #20]
 113:Core/Src/usart.c ****     hdma_usart1_tx.Init.Priority = DMA_PRIORITY_LOW;
 309              		.loc 1 113 5 is_stmt 1 view .LVU119
 113:Core/Src/usart.c ****     hdma_usart1_tx.Init.Priority = DMA_PRIORITY_LOW;
 310              		.loc 1 113 30 is_stmt 0 view .LVU120
 311 00a6 A361     		str	r3, [r4, #24]
 114:Core/Src/usart.c ****     if (HAL_DMA_Init(&hdma_usart1_tx) != HAL_OK)
 312              		.loc 1 114 5 is_stmt 1 view .LVU121
 114:Core/Src/usart.c ****     if (HAL_DMA_Init(&hdma_usart1_tx) != HAL_OK)
 313              		.loc 1 114 34 is_stmt 0 view .LVU122
 314 00a8 E361     		str	r3, [r4, #28]
 315              		.loc 1 115 5 is_stmt 1 view .LVU123
 316              		.loc 1 115 9 is_stmt 0 view .LVU124
 317 00aa FFF7FEFF 		bl	HAL_DMA_Init
 318              	.LVL8:
 319              		.loc 1 115 8 view .LVU125
 320 00ae 0028     		cmp	r0, #0
 321 00b0 01D0     		beq	.L11
 116:Core/Src/usart.c ****     {
 117:Core/Src/usart.c ****       Error_Handler();
 322              		.loc 1 117 7 is_stmt 1 view .LVU126
 323 00b2 FFF7FEFF 		bl	Error_Handler
 324              	.LVL9:
 325              	.L11:
 118:Core/Src/usart.c ****     }
 119:Core/Src/usart.c **** 
 120:Core/Src/usart.c ****     __HAL_DMA_REMAP_CHANNEL_ENABLE(DMA_REMAP_USART1_TX_DMA_CH4);
 326              		.loc 1 120 5 view .LVU127
 327              		.loc 1 120 5 view .LVU128
 328              		.loc 1 120 5 view .LVU129
 329 00b6 8023     		movs	r3, #128
 330 00b8 3268     		ldr	r2, [r6]
 331 00ba 9B00     		lsls	r3, r3, #2
 332 00bc 1343     		orrs	r3, r2
 121:Core/Src/usart.c **** 
ARM GAS  C:\Users\ADMINI~1\AppData\Local\Temp\ccColXKt.s 			page 10


 122:Core/Src/usart.c ****     __HAL_LINKDMA(uartHandle,hdmatx,hdma_usart1_tx);
 123:Core/Src/usart.c **** 
 124:Core/Src/usart.c ****     /* USART1 interrupt Init */
 125:Core/Src/usart.c ****     HAL_NVIC_SetPriority(USART1_IRQn, 0, 0);
 333              		.loc 1 125 5 is_stmt 0 view .LVU130
 334 00be 0022     		movs	r2, #0
 120:Core/Src/usart.c **** 
 335              		.loc 1 120 5 view .LVU131
 336 00c0 3360     		str	r3, [r6]
 120:Core/Src/usart.c **** 
 337              		.loc 1 120 5 is_stmt 1 view .LVU132
 122:Core/Src/usart.c **** 
 338              		.loc 1 122 5 view .LVU133
 122:Core/Src/usart.c **** 
 339              		.loc 1 122 5 view .LVU134
 340              		.loc 1 125 5 is_stmt 0 view .LVU135
 341 00c2 1B20     		movs	r0, #27
 342 00c4 1100     		movs	r1, r2
 122:Core/Src/usart.c **** 
 343              		.loc 1 122 5 view .LVU136
 344 00c6 EC66     		str	r4, [r5, #108]
 122:Core/Src/usart.c **** 
 345              		.loc 1 122 5 is_stmt 1 view .LVU137
 346 00c8 6562     		str	r5, [r4, #36]
 122:Core/Src/usart.c **** 
 347              		.loc 1 122 5 view .LVU138
 348              		.loc 1 125 5 view .LVU139
 349 00ca FFF7FEFF 		bl	HAL_NVIC_SetPriority
 350              	.LVL10:
 126:Core/Src/usart.c ****     HAL_NVIC_EnableIRQ(USART1_IRQn);
 351              		.loc 1 126 5 view .LVU140
 352 00ce 1B20     		movs	r0, #27
 353 00d0 FFF7FEFF 		bl	HAL_NVIC_EnableIRQ
 354              	.LVL11:
 355              	.L8:
 127:Core/Src/usart.c ****   /* USER CODE BEGIN USART1_MspInit 1 */
 128:Core/Src/usart.c **** 
 129:Core/Src/usart.c ****   /* USER CODE END USART1_MspInit 1 */
 130:Core/Src/usart.c ****   }
 131:Core/Src/usart.c **** }
 356              		.loc 1 131 1 is_stmt 0 view .LVU141
 357 00d4 08B0     		add	sp, sp, #32
 358              		@ sp needed
 359              	.LVL12:
 360              		.loc 1 131 1 view .LVU142
 361 00d6 70BD     		pop	{r4, r5, r6, pc}
 362              	.L19:
 363              		.align	2
 364              	.L18:
 365 00d8 00380140 		.word	1073821696
 366 00dc 00100240 		.word	1073876992
 367 00e0 00000000 		.word	.LANCHOR0
 368 00e4 58000240 		.word	1073872984
 369 00e8 00000140 		.word	1073807360
 370 00ec 44000240 		.word	1073872964
 371 00f0 00000000 		.word	.LANCHOR1
 372              		.cfi_endproc
ARM GAS  C:\Users\ADMINI~1\AppData\Local\Temp\ccColXKt.s 			page 11


 373              	.LFE41:
 375              		.section	.text.HAL_UART_MspDeInit,"ax",%progbits
 376              		.align	1
 377              		.global	HAL_UART_MspDeInit
 378              		.syntax unified
 379              		.code	16
 380              		.thumb_func
 382              	HAL_UART_MspDeInit:
 383              	.LVL13:
 384              	.LFB42:
 132:Core/Src/usart.c **** 
 133:Core/Src/usart.c **** void HAL_UART_MspDeInit(UART_HandleTypeDef* uartHandle)
 134:Core/Src/usart.c **** {
 385              		.loc 1 134 1 is_stmt 1 view -0
 386              		.cfi_startproc
 387              		@ args = 0, pretend = 0, frame = 0
 388              		@ frame_needed = 0, uses_anonymous_args = 0
 135:Core/Src/usart.c **** 
 136:Core/Src/usart.c ****   if(uartHandle->Instance==USART1)
 389              		.loc 1 136 3 view .LVU144
 390              		.loc 1 136 5 is_stmt 0 view .LVU145
 391 0000 0C4B     		ldr	r3, .L22
 392 0002 0268     		ldr	r2, [r0]
 134:Core/Src/usart.c **** 
 393              		.loc 1 134 1 view .LVU146
 394 0004 10B5     		push	{r4, lr}
 395              	.LCFI3:
 396              		.cfi_def_cfa_offset 8
 397              		.cfi_offset 4, -8
 398              		.cfi_offset 14, -4
 134:Core/Src/usart.c **** 
 399              		.loc 1 134 1 view .LVU147
 400 0006 0400     		movs	r4, r0
 401              		.loc 1 136 5 view .LVU148
 402 0008 9A42     		cmp	r2, r3
 403 000a 12D1     		bne	.L20
 137:Core/Src/usart.c ****   {
 138:Core/Src/usart.c ****   /* USER CODE BEGIN USART1_MspDeInit 0 */
 139:Core/Src/usart.c **** 
 140:Core/Src/usart.c ****   /* USER CODE END USART1_MspDeInit 0 */
 141:Core/Src/usart.c ****     /* Peripheral clock disable */
 142:Core/Src/usart.c ****     __HAL_RCC_USART1_CLK_DISABLE();
 404              		.loc 1 142 5 is_stmt 1 view .LVU149
 143:Core/Src/usart.c **** 
 144:Core/Src/usart.c ****     /**USART1 GPIO Configuration
 145:Core/Src/usart.c ****     PA2     ------> USART1_TX
 146:Core/Src/usart.c ****     PA3     ------> USART1_RX
 147:Core/Src/usart.c ****     */
 148:Core/Src/usart.c ****     HAL_GPIO_DeInit(GPIOA, GPIO_PIN_2|GPIO_PIN_3);
 405              		.loc 1 148 5 is_stmt 0 view .LVU150
 406 000c 9020     		movs	r0, #144
 407              	.LVL14:
 142:Core/Src/usart.c **** 
 408              		.loc 1 142 5 view .LVU151
 409 000e 0A4A     		ldr	r2, .L22+4
 410 0010 0A49     		ldr	r1, .L22+8
 411 0012 9369     		ldr	r3, [r2, #24]
ARM GAS  C:\Users\ADMINI~1\AppData\Local\Temp\ccColXKt.s 			page 12


 412              		.loc 1 148 5 view .LVU152
 413 0014 C005     		lsls	r0, r0, #23
 142:Core/Src/usart.c **** 
 414              		.loc 1 142 5 view .LVU153
 415 0016 0B40     		ands	r3, r1
 416 0018 9361     		str	r3, [r2, #24]
 417              		.loc 1 148 5 is_stmt 1 view .LVU154
 418 001a 0C21     		movs	r1, #12
 419 001c FFF7FEFF 		bl	HAL_GPIO_DeInit
 420              	.LVL15:
 149:Core/Src/usart.c **** 
 150:Core/Src/usart.c ****     /* USART1 DMA DeInit */
 151:Core/Src/usart.c ****     HAL_DMA_DeInit(uartHandle->hdmarx);
 421              		.loc 1 151 5 view .LVU155
 422 0020 206F     		ldr	r0, [r4, #112]
 423 0022 FFF7FEFF 		bl	HAL_DMA_DeInit
 424              	.LVL16:
 152:Core/Src/usart.c ****     HAL_DMA_DeInit(uartHandle->hdmatx);
 425              		.loc 1 152 5 view .LVU156
 426 0026 E06E     		ldr	r0, [r4, #108]
 427 0028 FFF7FEFF 		bl	HAL_DMA_DeInit
 428              	.LVL17:
 153:Core/Src/usart.c **** 
 154:Core/Src/usart.c ****     /* USART1 interrupt Deinit */
 155:Core/Src/usart.c ****     HAL_NVIC_DisableIRQ(USART1_IRQn);
 429              		.loc 1 155 5 view .LVU157
 430 002c 1B20     		movs	r0, #27
 431 002e FFF7FEFF 		bl	HAL_NVIC_DisableIRQ
 432              	.LVL18:
 433              	.L20:
 156:Core/Src/usart.c ****   /* USER CODE BEGIN USART1_MspDeInit 1 */
 157:Core/Src/usart.c **** 
 158:Core/Src/usart.c ****   /* USER CODE END USART1_MspDeInit 1 */
 159:Core/Src/usart.c ****   }
 160:Core/Src/usart.c **** }
 434              		.loc 1 160 1 is_stmt 0 view .LVU158
 435              		@ sp needed
 436              	.LVL19:
 437              		.loc 1 160 1 view .LVU159
 438 0032 10BD     		pop	{r4, pc}
 439              	.L23:
 440              		.align	2
 441              	.L22:
 442 0034 00380140 		.word	1073821696
 443 0038 00100240 		.word	1073876992
 444 003c FFBFFFFF 		.word	-16385
 445              		.cfi_endproc
 446              	.LFE42:
 448              		.global	hdma_usart1_tx
 449              		.global	hdma_usart1_rx
 450              		.global	huart1
 451              		.section	.bss.hdma_usart1_rx,"aw",%nobits
 452              		.align	2
 453              		.set	.LANCHOR0,. + 0
 456              	hdma_usart1_rx:
 457 0000 00000000 		.space	68
 457      00000000 
ARM GAS  C:\Users\ADMINI~1\AppData\Local\Temp\ccColXKt.s 			page 13


 457      00000000 
 457      00000000 
 457      00000000 
 458              		.section	.bss.hdma_usart1_tx,"aw",%nobits
 459              		.align	2
 460              		.set	.LANCHOR1,. + 0
 463              	hdma_usart1_tx:
 464 0000 00000000 		.space	68
 464      00000000 
 464      00000000 
 464      00000000 
 464      00000000 
 465              		.section	.bss.huart1,"aw",%nobits
 466              		.align	2
 469              	huart1:
 470 0000 00000000 		.space	132
 470      00000000 
 470      00000000 
 470      00000000 
 470      00000000 
 471              		.text
 472              	.Letext0:
 473              		.file 2 "d:\\program files (x86)\\gnu arm embedded toolchain\\10 2021.10\\arm-none-eabi\\include\\
 474              		.file 3 "d:\\program files (x86)\\gnu arm embedded toolchain\\10 2021.10\\arm-none-eabi\\include\\
 475              		.file 4 "Drivers/CMSIS/Device/ST/STM32F0xx/Include/stm32f030x6.h"
 476              		.file 5 "Drivers/STM32F0xx_HAL_Driver/Inc/stm32f0xx_hal_def.h"
 477              		.file 6 "Drivers/STM32F0xx_HAL_Driver/Inc/stm32f0xx_hal_gpio.h"
 478              		.file 7 "Drivers/STM32F0xx_HAL_Driver/Inc/stm32f0xx_hal_dma.h"
 479              		.file 8 "Drivers/STM32F0xx_HAL_Driver/Inc/stm32f0xx_hal_uart.h"
 480              		.file 9 "Core/Inc/usart.h"
 481              		.file 10 "Drivers/STM32F0xx_HAL_Driver/Inc/stm32f0xx_hal_cortex.h"
 482              		.file 11 "Core/Inc/main.h"
 483              		.file 12 "<built-in>"
ARM GAS  C:\Users\ADMINI~1\AppData\Local\Temp\ccColXKt.s 			page 14


DEFINED SYMBOLS
                            *ABS*:00000000 usart.c
C:\Users\ADMINI~1\AppData\Local\Temp\ccColXKt.s:18     .text.MX_USART1_UART_Init:00000000 $t
C:\Users\ADMINI~1\AppData\Local\Temp\ccColXKt.s:24     .text.MX_USART1_UART_Init:00000000 MX_USART1_UART_Init
C:\Users\ADMINI~1\AppData\Local\Temp\ccColXKt.s:93     .text.MX_USART1_UART_Init:00000030 $d
C:\Users\ADMINI~1\AppData\Local\Temp\ccColXKt.s:469    .bss.huart1:00000000 huart1
C:\Users\ADMINI~1\AppData\Local\Temp\ccColXKt.s:100    .text.HAL_UART_MspInit:00000000 $t
C:\Users\ADMINI~1\AppData\Local\Temp\ccColXKt.s:106    .text.HAL_UART_MspInit:00000000 HAL_UART_MspInit
C:\Users\ADMINI~1\AppData\Local\Temp\ccColXKt.s:365    .text.HAL_UART_MspInit:000000d8 $d
C:\Users\ADMINI~1\AppData\Local\Temp\ccColXKt.s:376    .text.HAL_UART_MspDeInit:00000000 $t
C:\Users\ADMINI~1\AppData\Local\Temp\ccColXKt.s:382    .text.HAL_UART_MspDeInit:00000000 HAL_UART_MspDeInit
C:\Users\ADMINI~1\AppData\Local\Temp\ccColXKt.s:442    .text.HAL_UART_MspDeInit:00000034 $d
C:\Users\ADMINI~1\AppData\Local\Temp\ccColXKt.s:463    .bss.hdma_usart1_tx:00000000 hdma_usart1_tx
C:\Users\ADMINI~1\AppData\Local\Temp\ccColXKt.s:456    .bss.hdma_usart1_rx:00000000 hdma_usart1_rx
C:\Users\ADMINI~1\AppData\Local\Temp\ccColXKt.s:452    .bss.hdma_usart1_rx:00000000 $d
C:\Users\ADMINI~1\AppData\Local\Temp\ccColXKt.s:459    .bss.hdma_usart1_tx:00000000 $d
C:\Users\ADMINI~1\AppData\Local\Temp\ccColXKt.s:466    .bss.huart1:00000000 $d

UNDEFINED SYMBOLS
HAL_UART_Init
Error_Handler
memset
HAL_GPIO_Init
HAL_DMA_Init
HAL_NVIC_SetPriority
HAL_NVIC_EnableIRQ
HAL_GPIO_DeInit
HAL_DMA_DeInit
HAL_NVIC_DisableIRQ
